<?xml version="1.0" encoding="UTF-8"?>
<testsuite xmlns:xsi="http://www.w3.org/2001/XMLSchema-instance" xsi:noNamespaceSchemaLocation="https://maven.apache.org/surefire/maven-failsafe-plugin/xsd/failsafe-test-report.xsd" name="com.virgingames.gamesinfo.DateandTimeTest" time="7.968" tests="2" errors="1" skipped="0" failures="0">
  <properties>
    <property name="sun.desktop" value="windows"/>
    <property name="awt.toolkit" value="sun.awt.windows.WToolkit"/>
    <property name="file.encoding.pkg" value="sun.io"/>
    <property name="java.specification.version" value="1.8"/>
    <property name="sun.cpu.isalist" value="amd64"/>
    <property name="sun.jnu.encoding" value="Cp1252"/>
    <property name="java.class.path" value="C:\Users\Paavan\IdeaProjects\VirgingamesSerenity\target\test-classes;C:\Users\Paavan\IdeaProjects\VirgingamesSerenity\target\virgingames-serenity-1.0-SNAPSHOT.jar;C:\Users\Paavan\.m2\repository\net\serenity-bdd\serenity-core\1.4.1-rc.6\serenity-core-1.4.1-rc.6.jar;C:\Users\Paavan\.m2\repository\com\google\guava\guava\20.0\guava-20.0.jar;C:\Users\Paavan\.m2\repository\com\google\inject\guice\3.0\guice-3.0.jar;C:\Users\Paavan\.m2\repository\javax\inject\javax.inject\1\javax.inject-1.jar;C:\Users\Paavan\.m2\repository\aopalliance\aopalliance\1.0\aopalliance-1.0.jar;C:\Users\Paavan\.m2\repository\cglib\cglib\3.1\cglib-3.1.jar;C:\Users\Paavan\.m2\repository\org\ow2\asm\asm\5.0.3\asm-5.0.3.jar;C:\Users\Paavan\.m2\repository\commons-codec\commons-codec\1.10\commons-codec-1.10.jar;C:\Users\Paavan\.m2\repository\org\objenesis\objenesis\2.1\objenesis-2.1.jar;C:\Users\Paavan\.m2\repository\org\slf4j\slf4j-api\1.7.21\slf4j-api-1.7.21.jar;C:\Users\Paavan\.m2\repository\xml-apis\xml-apis\1.4.01\xml-apis-1.4.01.jar;C:\Users\Paavan\.m2\repository\info\cukes\cucumber-core\1.2.5\cucumber-core-1.2.5.jar;C:\Users\Paavan\.m2\repository\info\cukes\cucumber-html\0.2.3\cucumber-html-0.2.3.jar;C:\Users\Paavan\.m2\repository\info\cukes\cucumber-jvm-deps\1.0.5\cucumber-jvm-deps-1.0.5.jar;C:\Users\Paavan\.m2\repository\info\cukes\gherkin\2.12.2\gherkin-2.12.2.jar;C:\Users\Paavan\.m2\repository\commons-logging\commons-logging\1.2\commons-logging-1.2.jar;C:\Users\Paavan\.m2\repository\org\mockito\mockito-core\1.10.19\mockito-core-1.10.19.jar;C:\Users\Paavan\.m2\repository\net\bytebuddy\byte-buddy\1.6.12\byte-buddy-1.6.12.jar;C:\Users\Paavan\.m2\repository\net\serenity-bdd\serenity-report-resources\1.4.1-rc.6\serenity-report-resources-1.4.1-rc.6.jar;C:\Users\Paavan\.m2\repository\com\google\code\gson\gson\2.6.1\gson-2.6.1.jar;C:\Users\Paavan\.m2\repository\commons-io\commons-io\2.5\commons-io-2.5.jar;C:\Users\Paavan\.m2\repository\com\opera\operadriver\1.5\operadriver-1.5.jar;C:\Users\Paavan\.m2\repository\com\opera\operalaunchers\1.1\operalaunchers-1.1.jar;C:\Users\Paavan\.m2\repository\com\google\protobuf\protobuf-java\2.4.1\protobuf-java-2.4.1.jar;C:\Users\Paavan\.m2\repository\commons-jxpath\commons-jxpath\1.3\commons-jxpath-1.3.jar;C:\Users\Paavan\.m2\repository\org\ini4j\ini4j\0.5.2\ini4j-0.5.2.jar;C:\Users\Paavan\.m2\repository\org\seleniumhq\selenium\selenium-server\2.53.1\selenium-server-2.53.1.jar;C:\Users\Paavan\.m2\repository\com\beust\jcommander\1.48\jcommander-1.48.jar;C:\Users\Paavan\.m2\repository\org\bouncycastle\bcprov-jdk15on\1.48\bcprov-jdk15on-1.48.jar;C:\Users\Paavan\.m2\repository\org\bouncycastle\bcpkix-jdk15on\1.48\bcpkix-jdk15on-1.48.jar;C:\Users\Paavan\.m2\repository\mx4j\mx4j-tools\3.0.1\mx4j-tools-3.0.1.jar;C:\Users\Paavan\.m2\repository\org\seleniumhq\selenium\jetty-repacked\9.2.13.v20150730\jetty-repacked-9.2.13.v20150730.jar;C:\Users\Paavan\.m2\repository\javax\servlet\javax.servlet-api\3.1.0\javax.servlet-api-3.1.0.jar;C:\Users\Paavan\.m2\repository\org\seleniumhq\selenium\jetty-rc-repacked\5\jetty-rc-repacked-5.jar;C:\Users\Paavan\.m2\repository\net\jcip\jcip-annotations\1.0\jcip-annotations-1.0.jar;C:\Users\Paavan\.m2\repository\org\seleniumhq\selenium\selenium-java\2.53.1\selenium-java-2.53.1.jar;C:\Users\Paavan\.m2\repository\org\seleniumhq\selenium\selenium-chrome-driver\2.53.1\selenium-chrome-driver-2.53.1.jar;C:\Users\Paavan\.m2\repository\org\seleniumhq\selenium\selenium-remote-driver\2.53.1\selenium-remote-driver-2.53.1.jar;C:\Users\Paavan\.m2\repository\org\seleniumhq\selenium\selenium-api\2.53.1\selenium-api-2.53.1.jar;C:\Users\Paavan\.m2\repository\org\seleniumhq\selenium\selenium-edge-driver\2.53.1\selenium-edge-driver-2.53.1.jar;C:\Users\Paavan\.m2\repository\org\apache\commons\commons-exec\1.3\commons-exec-1.3.jar;C:\Users\Paavan\.m2\repository\org\seleniumhq\selenium\selenium-firefox-driver\2.53.1\selenium-firefox-driver-2.53.1.jar;C:\Users\Paavan\.m2\repository\org\seleniumhq\selenium\selenium-ie-driver\2.53.1\selenium-ie-driver-2.53.1.jar;C:\Users\Paavan\.m2\repository\net\java\dev\jna\jna\4.1.0\jna-4.1.0.jar;C:\Users\Paavan\.m2\repository\net\java\dev\jna\jna-platform\4.1.0\jna-platform-4.1.0.jar;C:\Users\Paavan\.m2\repository\org\seleniumhq\selenium\selenium-safari-driver\2.53.1\selenium-safari-driver-2.53.1.jar;C:\Users\Paavan\.m2\repository\io\netty\netty\3.5.7.Final\netty-3.5.7.Final.jar;C:\Users\Paavan\.m2\repository\org\seleniumhq\selenium\selenium-support\2.53.1\selenium-support-2.53.1.jar;C:\Users\Paavan\.m2\repository\org\seleniumhq\selenium\selenium-leg-rc\2.53.1\selenium-leg-rc-2.53.1.jar;C:\Users\Paavan\.m2\repository\org\yaml\snakeyaml\1.8\snakeyaml-1.8.jar;C:\Users\Paavan\.m2\repository\com\codeborne\phantomjsdriver\1.2.1\phantomjsdriver-1.2.1.jar;C:\Users\Paavan\.m2\repository\org\seleniumhq\selenium\htmlunit-driver\2.21\htmlunit-driver-2.21.jar;C:\Users\Paavan\.m2\repository\io\appium\java-client\4.0.0\java-client-4.0.0.jar;C:\Users\Paavan\.m2\repository\commons-validator\commons-validator\1.5.0\commons-validator-1.5.0.jar;C:\Users\Paavan\.m2\repository\commons-beanutils\commons-beanutils\1.9.2\commons-beanutils-1.9.2.jar;C:\Users\Paavan\.m2\repository\commons-digester\commons-digester\1.8.1\commons-digester-1.8.1.jar;C:\Users\Paavan\.m2\repository\org\codehaus\groovy\groovy\2.4.10\groovy-2.4.10.jar;C:\Users\Paavan\.m2\repository\net\sf\opencsv\opencsv\2.0\opencsv-2.0.jar;C:\Users\Paavan\.m2\repository\commons-beanutils\commons-beanutils-core\1.8.3\commons-beanutils-core-1.8.3.jar;C:\Users\Paavan\.m2\repository\joda-time\joda-time\2.7\joda-time-2.7.jar;C:\Users\Paavan\.m2\repository\com\thoughtworks\xstream\xstream\1.4.9\xstream-1.4.9.jar;C:\Users\Paavan\.m2\repository\xmlpull\xmlpull\1.1.3.1\xmlpull-1.1.3.1.jar;C:\Users\Paavan\.m2\repository\xpp3\xpp3_min\1.1.4c\xpp3_min-1.1.4c.jar;C:\Users\Paavan\.m2\repository\org\apache\commons\commons-lang3\3.4\commons-lang3-3.4.jar;C:\Users\Paavan\.m2\repository\commons-collections\commons-collections\3.2.2\commons-collections-3.2.2.jar;C:\Users\Paavan\.m2\repository\org\freemarker\freemarker\2.3.23\freemarker-2.3.23.jar;C:\Users\Paavan\.m2\repository\net\sourceforge\jexcelapi\jxl\2.6.12\jxl-2.6.12.jar;C:\Users\Paavan\.m2\repository\org\hamcrest\hamcrest-core\1.3\hamcrest-core-1.3.jar;C:\Users\Paavan\.m2\repository\org\hamcrest\hamcrest-library\1.3\hamcrest-library-1.3.jar;C:\Users\Paavan\.m2\repository\net\sourceforge\htmlunit\htmlunit\2.21\htmlunit-2.21.jar;C:\Users\Paavan\.m2\repository\net\sourceforge\htmlunit\htmlunit-core-js\2.17\htmlunit-core-js-2.17.jar;C:\Users\Paavan\.m2\repository\net\sourceforge\htmlunit\neko-htmlunit\2.21\neko-htmlunit-2.21.jar;C:\Users\Paavan\.m2\repository\xerces\xercesImpl\2.11.0\xercesImpl-2.11.0.jar;C:\Users\Paavan\.m2\repository\net\sourceforge\cssparser\cssparser\0.9.18\cssparser-0.9.18.jar;C:\Users\Paavan\.m2\repository\org\w3c\css\sac\1.3\sac-1.3.jar;C:\Users\Paavan\.m2\repository\org\eclipse\jetty\websocket\websocket-client\9.2.15.v20160210\websocket-client-9.2.15.v20160210.jar;C:\Users\Paavan\.m2\repository\org\eclipse\jetty\jetty-util\9.2.15.v20160210\jetty-util-9.2.15.v20160210.jar;C:\Users\Paavan\.m2\repository\org\eclipse\jetty\jetty-io\9.2.15.v20160210\jetty-io-9.2.15.v20160210.jar;C:\Users\Paavan\.m2\repository\org\eclipse\jetty\websocket\websocket-common\9.2.15.v20160210\websocket-common-9.2.15.v20160210.jar;C:\Users\Paavan\.m2\repository\org\eclipse\jetty\websocket\websocket-api\9.2.15.v20160210\websocket-api-9.2.15.v20160210.jar;C:\Users\Paavan\.m2\repository\org\apache\httpcomponents\httpclient\4.5.2\httpclient-4.5.2.jar;C:\Users\Paavan\.m2\repository\org\apache\httpcomponents\httpcore\4.4.4\httpcore-4.4.4.jar;C:\Users\Paavan\.m2\repository\org\apache\httpcomponents\httpmime\4.5.2\httpmime-4.5.2.jar;C:\Users\Paavan\.m2\repository\org\fluentlenium\fluentlenium-core\0.10.2\fluentlenium-core-0.10.2.jar;C:\Users\Paavan\.m2\repository\com\jhlabs\filters\2.0.235\filters-2.0.235.jar;C:\Users\Paavan\.m2\repository\org\asciidoctor\asciidoctor-java-integration\0.1.4\asciidoctor-java-integration-0.1.4.jar;C:\Users\Paavan\.m2\repository\org\jruby\jruby-complete\1.7.4\jruby-complete-1.7.4.jar;C:\Users\Paavan\.m2\repository\org\imgscalr\imgscalr-lib\4.2\imgscalr-lib-4.2.jar;C:\Users\Paavan\.m2\repository\javax\validation\validation-api\1.1.0.Final\validation-api-1.1.0.Final.jar;C:\Users\Paavan\.m2\repository\org\hibernate\hibernate-validator\5.1.1.Final\hibernate-validator-5.1.1.Final.jar;C:\Users\Paavan\.m2\repository\org\jboss\logging\jboss-logging\3.1.3.GA\jboss-logging-3.1.3.GA.jar;C:\Users\Paavan\.m2\repository\com\fasterxml\classmate\1.0.0\classmate-1.0.0.jar;C:\Users\Paavan\.m2\repository\javax\el\javax.el-api\2.2.4\javax.el-api-2.2.4.jar;C:\Users\Paavan\.m2\repository\org\glassfish\web\javax.el\2.2.4\javax.el-2.2.4.jar;C:\Users\Paavan\.m2\repository\xalan\xalan\2.7.2\xalan-2.7.2.jar;C:\Users\Paavan\.m2\repository\xalan\serializer\2.7.2\serializer-2.7.2.jar;C:\Users\Paavan\.m2\repository\com\jayway\awaitility\awaitility\1.6.3\awaitility-1.6.3.jar;C:\Users\Paavan\.m2\repository\com\typesafe\config\1.2.1\config-1.2.1.jar;C:\Users\Paavan\.m2\repository\org\jsoup\jsoup\1.9.2\jsoup-1.9.2.jar;C:\Users\Paavan\.m2\repository\com\google\jimfs\jimfs\1.0\jimfs-1.0.jar;C:\Users\Paavan\.m2\repository\es\nitaur\markdown\txtmark\0.16\txtmark-0.16.jar;C:\Users\Paavan\.m2\repository\net\serenity-bdd\serenity-junit\1.4.1-rc.6\serenity-junit-1.4.1-rc.6.jar;C:\Users\Paavan\.m2\repository\net\serenity-bdd\serenity-rest-assured\1.4.1-rc.6\serenity-rest-assured-1.4.1-rc.6.jar;C:\Users\Paavan\.m2\repository\io\rest-assured\rest-assured\3.0.2\rest-assured-3.0.2.jar;C:\Users\Paavan\.m2\repository\org\codehaus\groovy\groovy-xml\2.4.6\groovy-xml-2.4.6.jar;C:\Users\Paavan\.m2\repository\org\ccil\cowan\tagsoup\tagsoup\1.2.1\tagsoup-1.2.1.jar;C:\Users\Paavan\.m2\repository\io\rest-assured\json-path\3.0.2\json-path-3.0.2.jar;C:\Users\Paavan\.m2\repository\org\codehaus\groovy\groovy-json\2.4.6\groovy-json-2.4.6.jar;C:\Users\Paavan\.m2\repository\io\rest-assured\rest-assured-common\3.0.2\rest-assured-common-3.0.2.jar;C:\Users\Paavan\.m2\repository\io\rest-assured\xml-path\3.0.2\xml-path-3.0.2.jar;C:\Users\Paavan\.m2\repository\net\serenity-bdd\serenity-cucumber\1.1.6\serenity-cucumber-1.1.6.jar;C:\Users\Paavan\.m2\repository\info\cukes\cucumber-java\1.2.4\cucumber-java-1.2.4.jar;C:\Users\Paavan\.m2\repository\info\cukes\cucumber-junit\1.2.4\cucumber-junit-1.2.4.jar;C:\Users\Paavan\.m2\repository\org\slf4j\slf4j-simple\1.6.1\slf4j-simple-1.6.1.jar;C:\Users\Paavan\.m2\repository\org\codehaus\groovy\groovy-all\1.8.6\groovy-all-1.8.6.jar;C:\Users\Paavan\.m2\repository\com\fasterxml\jackson\core\jackson-databind\2.5.4\jackson-databind-2.5.4.jar;C:\Users\Paavan\.m2\repository\com\fasterxml\jackson\core\jackson-annotations\2.5.0\jackson-annotations-2.5.0.jar;C:\Users\Paavan\.m2\repository\com\fasterxml\jackson\core\jackson-core\2.5.4\jackson-core-2.5.4.jar;C:\Users\Paavan\.m2\repository\junit\junit\4.12\junit-4.12.jar;C:\Users\Paavan\.m2\repository\com\googlecode\lambdaj\lambdaj\2.3.3\lambdaj-2.3.3.jar;C:\Users\Paavan\.m2\repository\org\hamcrest\hamcrest-all\1.1\hamcrest-all-1.1.jar;C:\Users\Paavan\.m2\repository\cglib\cglib-nodep\2.2\cglib-nodep-2.2.jar;C:\Users\Paavan\.m2\repository\org\assertj\assertj-core\1.7.0\assertj-core-1.7.0.jar;"/>
    <property name="java.vm.vendor" value="Oracle Corporation"/>
    <property name="sun.arch.data.model" value="64"/>
    <property name="user.variant" value=""/>
    <property name="java.vendor.url" value="http://java.oracle.com/"/>
    <property name="user.timezone" value=""/>
    <property name="java.vm.specification.version" value="1.8"/>
    <property name="os.name" value="Windows 10"/>
    <property name="user.country" value="GB"/>
    <property name="sun.java.launcher" value="SUN_STANDARD"/>
    <property name="sun.boot.library.path" value="C:\Program Files\Java\jdk1.8.0_201\jre\bin"/>
    <property name="sun.java.command" value="C:\Users\Paavan\AppData\Local\Temp\surefire8372841499991650481\surefirebooter3298330511003227533.jar C:\Users\Paavan\AppData\Local\Temp\surefire8372841499991650481 2019-12-02T14-20-48_055-jvmRun1 surefire1372467509224905969tmp surefire_09156897689115242983tmp"/>
    <property name="surefire.test.class.path" value="C:\Users\Paavan\IdeaProjects\VirgingamesSerenity\target\test-classes;C:\Users\Paavan\IdeaProjects\VirgingamesSerenity\target\virgingames-serenity-1.0-SNAPSHOT.jar;C:\Users\Paavan\.m2\repository\net\serenity-bdd\serenity-core\1.4.1-rc.6\serenity-core-1.4.1-rc.6.jar;C:\Users\Paavan\.m2\repository\com\google\guava\guava\20.0\guava-20.0.jar;C:\Users\Paavan\.m2\repository\com\google\inject\guice\3.0\guice-3.0.jar;C:\Users\Paavan\.m2\repository\javax\inject\javax.inject\1\javax.inject-1.jar;C:\Users\Paavan\.m2\repository\aopalliance\aopalliance\1.0\aopalliance-1.0.jar;C:\Users\Paavan\.m2\repository\cglib\cglib\3.1\cglib-3.1.jar;C:\Users\Paavan\.m2\repository\org\ow2\asm\asm\5.0.3\asm-5.0.3.jar;C:\Users\Paavan\.m2\repository\commons-codec\commons-codec\1.10\commons-codec-1.10.jar;C:\Users\Paavan\.m2\repository\org\objenesis\objenesis\2.1\objenesis-2.1.jar;C:\Users\Paavan\.m2\repository\org\slf4j\slf4j-api\1.7.21\slf4j-api-1.7.21.jar;C:\Users\Paavan\.m2\repository\xml-apis\xml-apis\1.4.01\xml-apis-1.4.01.jar;C:\Users\Paavan\.m2\repository\info\cukes\cucumber-core\1.2.5\cucumber-core-1.2.5.jar;C:\Users\Paavan\.m2\repository\info\cukes\cucumber-html\0.2.3\cucumber-html-0.2.3.jar;C:\Users\Paavan\.m2\repository\info\cukes\cucumber-jvm-deps\1.0.5\cucumber-jvm-deps-1.0.5.jar;C:\Users\Paavan\.m2\repository\info\cukes\gherkin\2.12.2\gherkin-2.12.2.jar;C:\Users\Paavan\.m2\repository\commons-logging\commons-logging\1.2\commons-logging-1.2.jar;C:\Users\Paavan\.m2\repository\org\mockito\mockito-core\1.10.19\mockito-core-1.10.19.jar;C:\Users\Paavan\.m2\repository\net\bytebuddy\byte-buddy\1.6.12\byte-buddy-1.6.12.jar;C:\Users\Paavan\.m2\repository\net\serenity-bdd\serenity-report-resources\1.4.1-rc.6\serenity-report-resources-1.4.1-rc.6.jar;C:\Users\Paavan\.m2\repository\com\google\code\gson\gson\2.6.1\gson-2.6.1.jar;C:\Users\Paavan\.m2\repository\commons-io\commons-io\2.5\commons-io-2.5.jar;C:\Users\Paavan\.m2\repository\com\opera\operadriver\1.5\operadriver-1.5.jar;C:\Users\Paavan\.m2\repository\com\opera\operalaunchers\1.1\operalaunchers-1.1.jar;C:\Users\Paavan\.m2\repository\com\google\protobuf\protobuf-java\2.4.1\protobuf-java-2.4.1.jar;C:\Users\Paavan\.m2\repository\commons-jxpath\commons-jxpath\1.3\commons-jxpath-1.3.jar;C:\Users\Paavan\.m2\repository\org\ini4j\ini4j\0.5.2\ini4j-0.5.2.jar;C:\Users\Paavan\.m2\repository\org\seleniumhq\selenium\selenium-server\2.53.1\selenium-server-2.53.1.jar;C:\Users\Paavan\.m2\repository\com\beust\jcommander\1.48\jcommander-1.48.jar;C:\Users\Paavan\.m2\repository\org\bouncycastle\bcprov-jdk15on\1.48\bcprov-jdk15on-1.48.jar;C:\Users\Paavan\.m2\repository\org\bouncycastle\bcpkix-jdk15on\1.48\bcpkix-jdk15on-1.48.jar;C:\Users\Paavan\.m2\repository\mx4j\mx4j-tools\3.0.1\mx4j-tools-3.0.1.jar;C:\Users\Paavan\.m2\repository\org\seleniumhq\selenium\jetty-repacked\9.2.13.v20150730\jetty-repacked-9.2.13.v20150730.jar;C:\Users\Paavan\.m2\repository\javax\servlet\javax.servlet-api\3.1.0\javax.servlet-api-3.1.0.jar;C:\Users\Paavan\.m2\repository\org\seleniumhq\selenium\jetty-rc-repacked\5\jetty-rc-repacked-5.jar;C:\Users\Paavan\.m2\repository\net\jcip\jcip-annotations\1.0\jcip-annotations-1.0.jar;C:\Users\Paavan\.m2\repository\org\seleniumhq\selenium\selenium-java\2.53.1\selenium-java-2.53.1.jar;C:\Users\Paavan\.m2\repository\org\seleniumhq\selenium\selenium-chrome-driver\2.53.1\selenium-chrome-driver-2.53.1.jar;C:\Users\Paavan\.m2\repository\org\seleniumhq\selenium\selenium-remote-driver\2.53.1\selenium-remote-driver-2.53.1.jar;C:\Users\Paavan\.m2\repository\org\seleniumhq\selenium\selenium-api\2.53.1\selenium-api-2.53.1.jar;C:\Users\Paavan\.m2\repository\org\seleniumhq\selenium\selenium-edge-driver\2.53.1\selenium-edge-driver-2.53.1.jar;C:\Users\Paavan\.m2\repository\org\apache\commons\commons-exec\1.3\commons-exec-1.3.jar;C:\Users\Paavan\.m2\repository\org\seleniumhq\selenium\selenium-firefox-driver\2.53.1\selenium-firefox-driver-2.53.1.jar;C:\Users\Paavan\.m2\repository\org\seleniumhq\selenium\selenium-ie-driver\2.53.1\selenium-ie-driver-2.53.1.jar;C:\Users\Paavan\.m2\repository\net\java\dev\jna\jna\4.1.0\jna-4.1.0.jar;C:\Users\Paavan\.m2\repository\net\java\dev\jna\jna-platform\4.1.0\jna-platform-4.1.0.jar;C:\Users\Paavan\.m2\repository\org\seleniumhq\selenium\selenium-safari-driver\2.53.1\selenium-safari-driver-2.53.1.jar;C:\Users\Paavan\.m2\repository\io\netty\netty\3.5.7.Final\netty-3.5.7.Final.jar;C:\Users\Paavan\.m2\repository\org\seleniumhq\selenium\selenium-support\2.53.1\selenium-support-2.53.1.jar;C:\Users\Paavan\.m2\repository\org\seleniumhq\selenium\selenium-leg-rc\2.53.1\selenium-leg-rc-2.53.1.jar;C:\Users\Paavan\.m2\repository\org\yaml\snakeyaml\1.8\snakeyaml-1.8.jar;C:\Users\Paavan\.m2\repository\com\codeborne\phantomjsdriver\1.2.1\phantomjsdriver-1.2.1.jar;C:\Users\Paavan\.m2\repository\org\seleniumhq\selenium\htmlunit-driver\2.21\htmlunit-driver-2.21.jar;C:\Users\Paavan\.m2\repository\io\appium\java-client\4.0.0\java-client-4.0.0.jar;C:\Users\Paavan\.m2\repository\commons-validator\commons-validator\1.5.0\commons-validator-1.5.0.jar;C:\Users\Paavan\.m2\repository\commons-beanutils\commons-beanutils\1.9.2\commons-beanutils-1.9.2.jar;C:\Users\Paavan\.m2\repository\commons-digester\commons-digester\1.8.1\commons-digester-1.8.1.jar;C:\Users\Paavan\.m2\repository\org\codehaus\groovy\groovy\2.4.10\groovy-2.4.10.jar;C:\Users\Paavan\.m2\repository\net\sf\opencsv\opencsv\2.0\opencsv-2.0.jar;C:\Users\Paavan\.m2\repository\commons-beanutils\commons-beanutils-core\1.8.3\commons-beanutils-core-1.8.3.jar;C:\Users\Paavan\.m2\repository\joda-time\joda-time\2.7\joda-time-2.7.jar;C:\Users\Paavan\.m2\repository\com\thoughtworks\xstream\xstream\1.4.9\xstream-1.4.9.jar;C:\Users\Paavan\.m2\repository\xmlpull\xmlpull\1.1.3.1\xmlpull-1.1.3.1.jar;C:\Users\Paavan\.m2\repository\xpp3\xpp3_min\1.1.4c\xpp3_min-1.1.4c.jar;C:\Users\Paavan\.m2\repository\org\apache\commons\commons-lang3\3.4\commons-lang3-3.4.jar;C:\Users\Paavan\.m2\repository\commons-collections\commons-collections\3.2.2\commons-collections-3.2.2.jar;C:\Users\Paavan\.m2\repository\org\freemarker\freemarker\2.3.23\freemarker-2.3.23.jar;C:\Users\Paavan\.m2\repository\net\sourceforge\jexcelapi\jxl\2.6.12\jxl-2.6.12.jar;C:\Users\Paavan\.m2\repository\org\hamcrest\hamcrest-core\1.3\hamcrest-core-1.3.jar;C:\Users\Paavan\.m2\repository\org\hamcrest\hamcrest-library\1.3\hamcrest-library-1.3.jar;C:\Users\Paavan\.m2\repository\net\sourceforge\htmlunit\htmlunit\2.21\htmlunit-2.21.jar;C:\Users\Paavan\.m2\repository\net\sourceforge\htmlunit\htmlunit-core-js\2.17\htmlunit-core-js-2.17.jar;C:\Users\Paavan\.m2\repository\net\sourceforge\htmlunit\neko-htmlunit\2.21\neko-htmlunit-2.21.jar;C:\Users\Paavan\.m2\repository\xerces\xercesImpl\2.11.0\xercesImpl-2.11.0.jar;C:\Users\Paavan\.m2\repository\net\sourceforge\cssparser\cssparser\0.9.18\cssparser-0.9.18.jar;C:\Users\Paavan\.m2\repository\org\w3c\css\sac\1.3\sac-1.3.jar;C:\Users\Paavan\.m2\repository\org\eclipse\jetty\websocket\websocket-client\9.2.15.v20160210\websocket-client-9.2.15.v20160210.jar;C:\Users\Paavan\.m2\repository\org\eclipse\jetty\jetty-util\9.2.15.v20160210\jetty-util-9.2.15.v20160210.jar;C:\Users\Paavan\.m2\repository\org\eclipse\jetty\jetty-io\9.2.15.v20160210\jetty-io-9.2.15.v20160210.jar;C:\Users\Paavan\.m2\repository\org\eclipse\jetty\websocket\websocket-common\9.2.15.v20160210\websocket-common-9.2.15.v20160210.jar;C:\Users\Paavan\.m2\repository\org\eclipse\jetty\websocket\websocket-api\9.2.15.v20160210\websocket-api-9.2.15.v20160210.jar;C:\Users\Paavan\.m2\repository\org\apache\httpcomponents\httpclient\4.5.2\httpclient-4.5.2.jar;C:\Users\Paavan\.m2\repository\org\apache\httpcomponents\httpcore\4.4.4\httpcore-4.4.4.jar;C:\Users\Paavan\.m2\repository\org\apache\httpcomponents\httpmime\4.5.2\httpmime-4.5.2.jar;C:\Users\Paavan\.m2\repository\org\fluentlenium\fluentlenium-core\0.10.2\fluentlenium-core-0.10.2.jar;C:\Users\Paavan\.m2\repository\com\jhlabs\filters\2.0.235\filters-2.0.235.jar;C:\Users\Paavan\.m2\repository\org\asciidoctor\asciidoctor-java-integration\0.1.4\asciidoctor-java-integration-0.1.4.jar;C:\Users\Paavan\.m2\repository\org\jruby\jruby-complete\1.7.4\jruby-complete-1.7.4.jar;C:\Users\Paavan\.m2\repository\org\imgscalr\imgscalr-lib\4.2\imgscalr-lib-4.2.jar;C:\Users\Paavan\.m2\repository\javax\validation\validation-api\1.1.0.Final\validation-api-1.1.0.Final.jar;C:\Users\Paavan\.m2\repository\org\hibernate\hibernate-validator\5.1.1.Final\hibernate-validator-5.1.1.Final.jar;C:\Users\Paavan\.m2\repository\org\jboss\logging\jboss-logging\3.1.3.GA\jboss-logging-3.1.3.GA.jar;C:\Users\Paavan\.m2\repository\com\fasterxml\classmate\1.0.0\classmate-1.0.0.jar;C:\Users\Paavan\.m2\repository\javax\el\javax.el-api\2.2.4\javax.el-api-2.2.4.jar;C:\Users\Paavan\.m2\repository\org\glassfish\web\javax.el\2.2.4\javax.el-2.2.4.jar;C:\Users\Paavan\.m2\repository\xalan\xalan\2.7.2\xalan-2.7.2.jar;C:\Users\Paavan\.m2\repository\xalan\serializer\2.7.2\serializer-2.7.2.jar;C:\Users\Paavan\.m2\repository\com\jayway\awaitility\awaitility\1.6.3\awaitility-1.6.3.jar;C:\Users\Paavan\.m2\repository\com\typesafe\config\1.2.1\config-1.2.1.jar;C:\Users\Paavan\.m2\repository\org\jsoup\jsoup\1.9.2\jsoup-1.9.2.jar;C:\Users\Paavan\.m2\repository\com\google\jimfs\jimfs\1.0\jimfs-1.0.jar;C:\Users\Paavan\.m2\repository\es\nitaur\markdown\txtmark\0.16\txtmark-0.16.jar;C:\Users\Paavan\.m2\repository\net\serenity-bdd\serenity-junit\1.4.1-rc.6\serenity-junit-1.4.1-rc.6.jar;C:\Users\Paavan\.m2\repository\net\serenity-bdd\serenity-rest-assured\1.4.1-rc.6\serenity-rest-assured-1.4.1-rc.6.jar;C:\Users\Paavan\.m2\repository\io\rest-assured\rest-assured\3.0.2\rest-assured-3.0.2.jar;C:\Users\Paavan\.m2\repository\org\codehaus\groovy\groovy-xml\2.4.6\groovy-xml-2.4.6.jar;C:\Users\Paavan\.m2\repository\org\ccil\cowan\tagsoup\tagsoup\1.2.1\tagsoup-1.2.1.jar;C:\Users\Paavan\.m2\repository\io\rest-assured\json-path\3.0.2\json-path-3.0.2.jar;C:\Users\Paavan\.m2\repository\org\codehaus\groovy\groovy-json\2.4.6\groovy-json-2.4.6.jar;C:\Users\Paavan\.m2\repository\io\rest-assured\rest-assured-common\3.0.2\rest-assured-common-3.0.2.jar;C:\Users\Paavan\.m2\repository\io\rest-assured\xml-path\3.0.2\xml-path-3.0.2.jar;C:\Users\Paavan\.m2\repository\net\serenity-bdd\serenity-cucumber\1.1.6\serenity-cucumber-1.1.6.jar;C:\Users\Paavan\.m2\repository\info\cukes\cucumber-java\1.2.4\cucumber-java-1.2.4.jar;C:\Users\Paavan\.m2\repository\info\cukes\cucumber-junit\1.2.4\cucumber-junit-1.2.4.jar;C:\Users\Paavan\.m2\repository\org\slf4j\slf4j-simple\1.6.1\slf4j-simple-1.6.1.jar;C:\Users\Paavan\.m2\repository\org\codehaus\groovy\groovy-all\1.8.6\groovy-all-1.8.6.jar;C:\Users\Paavan\.m2\repository\com\fasterxml\jackson\core\jackson-databind\2.5.4\jackson-databind-2.5.4.jar;C:\Users\Paavan\.m2\repository\com\fasterxml\jackson\core\jackson-annotations\2.5.0\jackson-annotations-2.5.0.jar;C:\Users\Paavan\.m2\repository\com\fasterxml\jackson\core\jackson-core\2.5.4\jackson-core-2.5.4.jar;C:\Users\Paavan\.m2\repository\junit\junit\4.12\junit-4.12.jar;C:\Users\Paavan\.m2\repository\com\googlecode\lambdaj\lambdaj\2.3.3\lambdaj-2.3.3.jar;C:\Users\Paavan\.m2\repository\org\hamcrest\hamcrest-all\1.1\hamcrest-all-1.1.jar;C:\Users\Paavan\.m2\repository\cglib\cglib-nodep\2.2\cglib-nodep-2.2.jar;C:\Users\Paavan\.m2\repository\org\assertj\assertj-core\1.7.0\assertj-core-1.7.0.jar;"/>
    <property name="sun.cpu.endian" value="little"/>
    <property name="user.home" value="C:\Users\Paavan"/>
    <property name="user.language" value="en"/>
    <property name="java.specification.vendor" value="Oracle Corporation"/>
    <property name="java.home" value="C:\Program Files\Java\jdk1.8.0_201\jre"/>
    <property name="basedir" value="C:\Users\Paavan\IdeaProjects\VirgingamesSerenity"/>
    <property name="file.separator" value="\"/>
    <property name="line.separator" value="&#10;"/>
    <property name="java.vm.specification.vendor" value="Oracle Corporation"/>
    <property name="java.specification.name" value="Java Platform API Specification"/>
    <property name="java.awt.graphicsenv" value="sun.awt.Win32GraphicsEnvironment"/>
    <property name="surefire.real.class.path" value="C:\Users\Paavan\AppData\Local\Temp\surefire8372841499991650481\surefirebooter3298330511003227533.jar"/>
    <property name="sun.boot.class.path" value="C:\Program Files\Java\jdk1.8.0_201\jre\lib\resources.jar;C:\Program Files\Java\jdk1.8.0_201\jre\lib\rt.jar;C:\Program Files\Java\jdk1.8.0_201\jre\lib\sunrsasign.jar;C:\Program Files\Java\jdk1.8.0_201\jre\lib\jsse.jar;C:\Program Files\Java\jdk1.8.0_201\jre\lib\jce.jar;C:\Program Files\Java\jdk1.8.0_201\jre\lib\charsets.jar;C:\Program Files\Java\jdk1.8.0_201\jre\lib\jfr.jar;C:\Program Files\Java\jdk1.8.0_201\jre\classes"/>
    <property name="user.script" value=""/>
    <property name="sun.management.compiler" value="HotSpot 64-Bit Tiered Compilers"/>
    <property name="java.runtime.version" value="1.8.0_201-b09"/>
    <property name="user.name" value="Paavan"/>
    <property name="path.separator" value=";"/>
    <property name="os.version" value="10.0"/>
    <property name="java.endorsed.dirs" value="C:\Program Files\Java\jdk1.8.0_201\jre\lib\endorsed"/>
    <property name="java.runtime.name" value="Java(TM) SE Runtime Environment"/>
    <property name="file.encoding" value="Cp1252"/>
    <property name="java.vm.name" value="Java HotSpot(TM) 64-Bit Server VM"/>
    <property name="localRepository" value="C:\Users\Paavan\.m2\repository"/>
    <property name="java.vendor.url.bug" value="http://bugreport.sun.com/bugreport/"/>
    <property name="java.io.tmpdir" value="C:\Users\Paavan\AppData\Local\Temp\"/>
    <property name="java.version" value="1.8.0_201"/>
    <property name="user.dir" value="C:\Users\Paavan\IdeaProjects\VirgingamesSerenity"/>
    <property name="os.arch" value="amd64"/>
    <property name="java.vm.specification.name" value="Java Virtual Machine Specification"/>
    <property name="java.awt.printerjob" value="sun.awt.windows.WPrinterJob"/>
    <property name="sun.os.patch.level" value=""/>
    <property name="java.library.path" value="C:\Program Files\Java\jdk1.8.0_201\jre\bin;C:\Windows\Sun\Java\bin;C:\Windows\system32;C:\Windows;C:\Program Files (x86)\Common Files\Oracle\Java\javapath;C:\Windows\system32;C:\Windows;C:\Windows\System32\Wbem;C:\Windows\System32\WindowsPowerShell\v1.0\;C:\Windows\System32\OpenSSH\;C:\Program Files\Intel\WiFi\bin\;C:\Program Files\Common Files\Intel\WirelessCommon\;C:\Program Files\Git\cmd;C:\Program Files\apache-maven-3.6.1\bin;-Xms256m -Xmx512m;C:\Program Files (x86)\Intel\Intel(R) Management Engine Components\DAL;C:\Program Files\Intel\Intel(R) Management Engine Components\DAL;C:\Program Files\MySQL\MySQL Shell 8.0\bin\;."/>
    <property name="java.vm.info" value="mixed mode"/>
    <property name="java.vendor" value="Oracle Corporation"/>
    <property name="java.vm.version" value="25.201-b09"/>
    <property name="idea.version2019.3" value="true"/>
    <property name="java.ext.dirs" value="C:\Program Files\Java\jdk1.8.0_201\jre\lib\ext;C:\Windows\Sun\Java\lib\ext"/>
    <property name="sun.io.unicode.encoding" value="UnicodeLittle"/>
    <property name="java.class.version" value="52.0"/>
  </properties>
  <testcase name="verifyGameFrequency" classname="com.virgingames.gamesinfo.DateandTimeTest" time="3.59">
    <error type="java.lang.NullPointerException">java.lang.NullPointerException
	at com.virgingames.gamesinfo.DateandTimeTest.verifyGameFrequency(DateandTimeTest.java:56)
</error>
    <system-out><![CDATA[HTTP/1.1 200 OK
Server: openresty/1.9.7.1
Date: Mon, 02 Dec 2019 14:20:46 GMT
Content-Type: text/plain;charset=UTF-8
Transfer-Encoding: chunked
Connection: keep-alive
Set-Cookie: JSESSIONID=w031gebcd4g255wr1d3u693nolw1x.w03;Path=/;Secure;Domain=..; Secure
Expires: Thu, 01 Jan 1970 00:00:00 GMT
Access-Control-Allow-Credentials: true
Access-Control-Allow-Methods: GET, POST, PUT, DELETE, OPTIONS
Access-Control-Allow-Headers: Origin,Accept,Authorization,DNT,X-CustomHeader,Keep-Alive,User-Agent,X-Requested-With,If-Modified-Since,Cache-Control,Content-Type,Content-Range,Range
Access-Control-Expose-Headers: Origin,Accept,Authorization,DNT,X-CustomHeader,Keep-Alive,User-Agent,X-Requested-With,If-Modified-Since,Cache-Control,Content-Type,Content-Range,Range
Content-Encoding: gzip

{"timestamp":1575296445040,"bingoLobbyInfoResource":{"ventureId":14,"website":null,"streams":[{"gameRef":79462977289,"streamId":194,"streamName":"Adventure","streamClosure":false,"startTime":1575296700000,"superJackpot":null,"progressiveJackpot":{"1":656.88,"2":656.88,"3":610.32,"4":6568.80},"fullHouse":{"1":2.00,"2":2.00,"3":3.00,"4":20.00},"lineAndFullHouseTotal":{"1":2.60,"2":2.60,"3":3.90,"4":26.00},"costPerCard":{"1":0.02,"2":0.02,"3":0.03,"4":0.20},"noPlayers":8,"linkBrandId":null,"defaultGameFrequency":300000,"jackpotLoading":false,"gameType":90,"displayLink":false,"allWinner":false,"linkGame":false,"session":false},{"gameRef":79462977210,"streamId":190,"streamName":"Voyage","streamClosure":false,"startTime":1575296700000,"superJackpot":null,"progressiveJackpot":{"1":478.04,"2":478.04,"3":567.06,"4":4780.40},"fullHouse":{"1":0.70,"2":0.70,"3":1.05,"4":7.00},"lineAndFullHouseTotal":{"1":0.70,"2":0.70,"3":1.05,"4":7.00},"costPerCard":{"1":0.10,"2":0.10,"3":0.15,"4":1.00},"noPlayers":2,"linkBrandId":0,"defaultGameFrequency":300000,"jackpotLoading":false,"gameType":75,"displayLink":true,"allWinner":false,"linkGame":true,"session":false},{"gameRef":0,"streamId":309,"streamName":"virgingamessession","streamClosure":false,"startTime":1575298800000,"superJackpot":null,"progressiveJackpot":{"1":2594.95,"2":2594.95,"3":3892.43,"4":25949.50},"fullHouse":{"1":107.73,"2":107.73,"3":161.63,"4":1077.36},"lineAndFullHouseTotal":{"1":151.09,"2":151.09,"3":226.69,"4":1511.04},"costPerCard":{"1":2.50,"2":2.50,"3":3.75,"4":25.00},"noPlayers":80,"linkBrandId":0,"defaultGameFrequency":null,"jackpotLoading":false,"gameType":null,"displayLink":false,"allWinner":false,"linkGame":true,"session":true},{"gameRef":79462977290,"streamId":193,"streamName":"Enterprise","streamClosure":false,"startTime":1575296700000,"superJackpot":null,"progressiveJackpot":{"1":8911.56,"2":8911.56,"3":11867.35,"4":89115.64},"fullHouse":{"1":50.00,"2":50.00,"3":75.00,"4":499.98},"lineAndFullHouseTotal":{"1":62.51,"2":62.51,"3":93.76,"4":625.08},"costPerCard":{"1":0.08,"2":0.08,"3":0.12,"4":0.80},"noPlayers":22,"linkBrandId":null,"defaultGameFrequency":300000,"jackpotLoading":false,"gameType":90,"displayLink":false,"allWinner":false,"linkGame":false,"session":false},{"gameRef":79470517102,"streamId":1253,"streamName":"BloxBingoVirgin","streamClosure":false,"startTime":1575309600000,"superJackpot":{"1":15000.00,"2":15000.00,"3":22500.00,"4":150000.00},"progressiveJackpot":null,"fullHouse":{"1":750.00,"2":750.00,"3":1125.00,"4":7499.98},"lineAndFullHouseTotal":{"1":1060.11,"2":1060.11,"3":1590.16,"4":10601.06},"costPerCard":{"1":0.25,"2":0.25,"3":0.38,"4":2.50},"noPlayers":79,"linkBrandId":1,"defaultGameFrequency":300000,"jackpotLoading":false,"gameType":90,"displayLink":true,"allWinner":false,"linkGame":true,"session":false},{"gameRef":79462977204,"streamId":1256,"streamName":"CrystalMazeVirgin","streamClosure":false,"startTime":1575296700000,"superJackpot":null,"progressiveJackpot":{"1":62960.63,"2":62960.63,"3":1.10,"4":629606.25},"fullHouse":{"1":10.00,"2":10.00,"3":15.00,"4":100.00},"lineAndFullHouseTotal":{"1":13.00,"2":13.00,"3":19.50,"4":130.00},"costPerCard":{"1":0.10,"2":0.10,"3":0.15,"4":1.00},"noPlayers":23,"linkBrandId":3,"defaultGameFrequency":300000,"jackpotLoading":false,"gameType":90,"displayLink":true,"allWinner":false,"linkGame":true,"session":false},{"gameRef":79462977208,"streamId":1257,"streamName":"SuperlinksVirgin","streamClosure":false,"startTime":1575296700000,"superJackpot":{"1":10000.00,"2":10000.00,"3":15000.00,"4":100000.00},"progressiveJackpot":null,"fullHouse":{"1":20.00,"2":20.00,"3":30.00,"4":200.00},"lineAndFullHouseTotal":{"1":28.50,"2":28.50,"3":42.75,"4":285.05},"costPerCard":{"1":0.10,"2":0.10,"3":0.15,"4":1.00},"noPlayers":16,"linkBrandId":1,"defaultGameFrequency":300000,"jackpotLoading":false,"gameType":90,"displayLink":true,"allWinner":false,"linkGame":true,"session":false}]}}
Size of Stream = 7
Default Game Frequency = 300000
Default Game Frequency = 300000
Default Game Frequency = 300000
Default Game Frequency = 300000
Default Game Frequency = 300000
]]></system-out>
    <system-err><![CDATA[93 [main] INFO net.thucydides.core.util.PropertiesFileLocalPreferences - idea.version2019."3"=true
106 [main] INFO net.thucydides.core.util.PropertiesFileLocalPreferences - serenity.project.name=virginGames
233 [main] INFO net.serenitybdd.core.Serenity - 

-------------------------------------------------------------------------------------
     _______. _______ .______       _______ .__   __.  __  .___________.____    ____ 
    /       ||   ____||   _  \     |   ____||  \ |  | |  | |           |\   \  /   / 
   |   (----`|  |__   |  |_)  |    |  |__   |   \|  | |  | `---|  |----` \   \/   /  
    \   \    |   __|  |      /     |   __|  |  . `  | |  |     |  |       \_    _/   
.----)   |   |  |____ |  |\  \----.|  |____ |  |\   | |  |     |  |         |  |     
|_______/    |_______|| _| `._____||_______||__| \__| |__|     |__|         |__|    
-------------------------------------------------------------------------------------

724 [main] INFO net.serenitybdd.core.Serenity - Test Suite Started: Dateand time test
956 [main] INFO net.serenitybdd.core.Serenity - 
 _____ _____ ____ _____   ____ _____  _    ____ _____ _____ ____  
|_   _| ____/ ___|_   _| / ___|_   _|/ \  |  _ \_   _| ____|  _ \ 
  | | |  _| \___ \ | |   \___ \ | | / _ \ | |_) || | |  _| | | | |
  | | | |___ ___) || |    ___) || |/ ___ \|  _ < | | | |___| |_| |
  |_| |_____|____/ |_|   |____/ |_/_/   \_\_| \_\|_| |_____|____/ 
                                                                  

TEST STARTED: verifyGameFrequency
-------------------------------------------------------------------
957 [main] INFO net.serenitybdd.core.Serenity - TEST NUMBER: 1
]]></system-err>
  </testcase>
  <testcase name="verityStratTime" classname="com.virgingames.gamesinfo.DateandTimeTest" time="0.312"/>
</testsuite>